<?xml version="1.0" encoding="UTF-8"?>
<coverage generated="1647450077669" clover="3.2.0">
  <project timestamp="1647450077669" name="All files">
    <metrics statements="60" coveredstatements="57" conditionals="10" coveredconditionals="10" methods="26" coveredmethods="25" elements="96" coveredelements="92" complexity="0" loc="60" ncloc="60" packages="3" files="9" classes="9"/>
    <package name="src">
      <metrics statements="20" coveredstatements="17" conditionals="4" coveredconditionals="4" methods="15" coveredmethods="14"/>
      <file name="App.js" path="/home/agata/projects/to-do-app/src/App.js">
        <metrics statements="17" coveredstatements="17" conditionals="4" coveredconditionals="4" methods="14" coveredmethods="14"/>
        <line num="10" count="25" type="stmt"/>
        <line num="11" count="25" type="stmt"/>
        <line num="16" count="25" type="stmt"/>
        <line num="17" count="11" type="stmt"/>
        <line num="20" count="25" type="stmt"/>
        <line num="21" count="3" type="stmt"/>
        <line num="22" count="3" type="stmt"/>
        <line num="23" count="5" type="cond" truecount="2" falsecount="0"/>
        <line num="33" count="25" type="stmt"/>
        <line num="34" count="3" type="stmt"/>
        <line num="37" count="25" type="stmt"/>
        <line num="38" count="1" type="stmt"/>
        <line num="42" count="25" type="stmt"/>
        <line num="43" count="25" type="cond" truecount="2" falsecount="0"/>
        <line num="44" count="24" type="stmt"/>
        <line num="47" count="25" type="stmt"/>
        <line num="58" count="29" type="stmt"/>
      </file>
      <file name="GlobalStyles.js" path="/home/agata/projects/to-do-app/src/GlobalStyles.js">
        <metrics statements="2" coveredstatements="0" conditionals="0" coveredconditionals="0" methods="1" coveredmethods="0"/>
        <line num="4" count="0" type="stmt"/>
        <line num="7" count="0" type="stmt"/>
      </file>
      <file name="index.js" path="/home/agata/projects/to-do-app/src/index.js">
        <metrics statements="1" coveredstatements="0" conditionals="0" coveredconditionals="0" methods="0" coveredmethods="0"/>
        <line num="6" count="0" type="stmt"/>
      </file>
    </package>
    <package name="src.components">
      <metrics statements="33" coveredstatements="33" conditionals="4" coveredconditionals="4" methods="8" coveredmethods="8"/>
      <file name="AddTask.jsx" path="/home/agata/projects/to-do-app/src/components/AddTask.jsx">
        <metrics statements="9" coveredstatements="9" conditionals="2" coveredconditionals="2" methods="2" coveredmethods="2"/>
        <line num="7" count="26" type="stmt"/>
        <line num="9" count="14" type="stmt"/>
        <line num="11" count="14" type="stmt"/>
        <line num="12" count="14" type="stmt"/>
        <line num="14" count="14" type="cond" truecount="2" falsecount="0"/>
        <line num="16" count="12" type="stmt"/>
        <line num="23" count="12" type="stmt"/>
        <line num="26" count="26" type="stmt"/>
        <line num="41" count="2" type="stmt"/>
      </file>
      <file name="Header.jsx" path="/home/agata/projects/to-do-app/src/components/Header.jsx">
        <metrics statements="6" coveredstatements="6" conditionals="0" coveredconditionals="0" methods="1" coveredmethods="1"/>
        <line num="7" count="25" type="stmt"/>
        <line num="18" count="1" type="stmt"/>
        <line num="22" count="1" type="stmt"/>
        <line num="27" count="1" type="stmt"/>
        <line num="34" count="1" type="stmt"/>
        <line num="39" count="1" type="stmt"/>
      </file>
      <file name="HideCompleted.jsx" path="/home/agata/projects/to-do-app/src/components/HideCompleted.jsx">
        <metrics statements="3" coveredstatements="3" conditionals="0" coveredconditionals="0" methods="1" coveredmethods="1"/>
        <line num="6" count="25" type="stmt"/>
        <line num="19" count="1" type="stmt"/>
        <line num="24" count="1" type="stmt"/>
      </file>
      <file name="Task.jsx" path="/home/agata/projects/to-do-app/src/components/Task.jsx">
        <metrics statements="7" coveredstatements="7" conditionals="2" coveredconditionals="2" methods="4" coveredmethods="4"/>
        <line num="6" count="29" type="stmt"/>
        <line num="12" count="3" type="stmt"/>
        <line num="15" count="2" type="stmt"/>
        <line num="23" count="1" type="stmt"/>
        <line num="31" count="1" type="stmt"/>
        <line num="40" count="1" type="stmt"/>
        <line num="50" count="29" type="stmt"/>
      </file>
      <file name="lib.js" path="/home/agata/projects/to-do-app/src/components/lib.js">
        <metrics statements="8" coveredstatements="8" conditionals="0" coveredconditionals="0" methods="0" coveredmethods="0"/>
        <line num="3" count="2" type="stmt"/>
        <line num="10" count="2" type="stmt"/>
        <line num="19" count="2" type="stmt"/>
        <line num="23" count="2" type="stmt"/>
        <line num="31" count="2" type="stmt"/>
        <line num="35" count="2" type="stmt"/>
        <line num="43" count="2" type="stmt"/>
        <line num="66" count="2" type="stmt"/>
      </file>
    </package>
    <package name="src.hooks">
      <metrics statements="7" coveredstatements="7" conditionals="2" coveredconditionals="2" methods="3" coveredmethods="3"/>
      <file name="useLocalState.js" path="/home/agata/projects/to-do-app/src/hooks/useLocalState.js">
        <metrics statements="7" coveredstatements="7" conditionals="2" coveredconditionals="2" methods="3" coveredmethods="3"/>
        <line num="10" count="50" type="stmt"/>
        <line num="11" count="16" type="stmt"/>
        <line num="13" count="16" type="cond" truecount="2" falsecount="0"/>
        <line num="14" count="14" type="stmt"/>
        <line num="17" count="50" type="stmt"/>
        <line num="18" count="33" type="stmt"/>
        <line num="21" count="50" type="stmt"/>
      </file>
    </package>
  </project>
</coverage>
