{"/home/agata/projects/to-do-app/src/App.js": {"path":"/home/agata/projects/to-do-app/src/App.js","statementMap":{"0":{"start":{"line":10,"column":28},"end":{"line":10,"column":64}},"1":{"start":{"line":11,"column":44},"end":{"line":14,"column":3}},"2":{"start":{"line":16,"column":18},"end":{"line":18,"column":3}},"3":{"start":{"line":17,"column":4},"end":{"line":17,"column":50}},"4":{"start":{"line":17,"column":28},"end":{"line":17,"column":48}},"5":{"start":{"line":20,"column":25},"end":{"line":31,"column":3}},"6":{"start":{"line":21,"column":4},"end":{"line":30,"column":7}},"7":{"start":{"line":22,"column":6},"end":{"line":29,"column":9}},"8":{"start":{"line":23,"column":8},"end":{"line":28,"column":17}},"9":{"start":{"line":33,"column":21},"end":{"line":35,"column":3}},"10":{"start":{"line":34,"column":4},"end":{"line":34,"column":72}},"11":{"start":{"line":34,"column":28},"end":{"line":34,"column":70}},"12":{"start":{"line":34,"column":55},"end":{"line":34,"column":69}},"13":{"start":{"line":37,"column":30},"end":{"line":39,"column":3}},"14":{"start":{"line":38,"column":4},"end":{"line":38,"column":38}},"15":{"start":{"line":38,"column":31},"end":{"line":38,"column":36}},"16":{"start":{"line":42,"column":19},"end":{"line":45,"column":28}},"17":{"start":{"line":43,"column":4},"end":{"line":43,"column":65}},"18":{"start":{"line":43,"column":23},"end":{"line":43,"column":65}},"19":{"start":{"line":43,"column":53},"end":{"line":43,"column":63}},"20":{"start":{"line":44,"column":4},"end":{"line":44,"column":17}},"21":{"start":{"line":47,"column":2},"end":{"line":69,"column":4}},"22":{"start":{"line":58,"column":12},"end":{"line":64,"column":23}}},"fnMap":{"0":{"name":"App","decl":{"start":{"line":9,"column":24},"end":{"line":9,"column":27}},"loc":{"start":{"line":9,"column":30},"end":{"line":70,"column":1}},"line":9},"1":{"name":"(anonymous_1)","decl":{"start":{"line":16,"column":18},"end":{"line":16,"column":19}},"loc":{"start":{"line":16,"column":28},"end":{"line":18,"column":3}},"line":16},"2":{"name":"(anonymous_2)","decl":{"start":{"line":17,"column":13},"end":{"line":17,"column":14}},"loc":{"start":{"line":17,"column":28},"end":{"line":17,"column":48}},"line":17},"3":{"name":"(anonymous_3)","decl":{"start":{"line":20,"column":25},"end":{"line":20,"column":26}},"loc":{"start":{"line":20,"column":33},"end":{"line":31,"column":3}},"line":20},"4":{"name":"(anonymous_4)","decl":{"start":{"line":21,"column":13},"end":{"line":21,"column":14}},"loc":{"start":{"line":21,"column":28},"end":{"line":30,"column":5}},"line":21},"5":{"name":"(anonymous_5)","decl":{"start":{"line":22,"column":27},"end":{"line":22,"column":28}},"loc":{"start":{"line":22,"column":37},"end":{"line":29,"column":7}},"line":22},"6":{"name":"(anonymous_6)","decl":{"start":{"line":33,"column":21},"end":{"line":33,"column":22}},"loc":{"start":{"line":33,"column":29},"end":{"line":35,"column":3}},"line":33},"7":{"name":"(anonymous_7)","decl":{"start":{"line":34,"column":13},"end":{"line":34,"column":14}},"loc":{"start":{"line":34,"column":28},"end":{"line":34,"column":70}},"line":34},"8":{"name":"(anonymous_8)","decl":{"start":{"line":34,"column":45},"end":{"line":34,"column":46}},"loc":{"start":{"line":34,"column":55},"end":{"line":34,"column":69}},"line":34},"9":{"name":"(anonymous_9)","decl":{"start":{"line":37,"column":30},"end":{"line":37,"column":31}},"loc":{"start":{"line":37,"column":36},"end":{"line":39,"column":3}},"line":37},"10":{"name":"(anonymous_10)","decl":{"start":{"line":38,"column":21},"end":{"line":38,"column":22}},"loc":{"start":{"line":38,"column":31},"end":{"line":38,"column":36}},"line":38},"11":{"name":"(anonymous_11)","decl":{"start":{"line":42,"column":27},"end":{"line":42,"column":28}},"loc":{"start":{"line":42,"column":33},"end":{"line":45,"column":3}},"line":42},"12":{"name":"(anonymous_12)","decl":{"start":{"line":43,"column":43},"end":{"line":43,"column":44}},"loc":{"start":{"line":43,"column":53},"end":{"line":43,"column":63}},"line":43},"13":{"name":"(anonymous_13)","decl":{"start":{"line":57,"column":24},"end":{"line":57,"column":25}},"loc":{"start":{"line":58,"column":12},"end":{"line":64,"column":23}},"line":58}},"branchMap":{"0":{"loc":{"start":{"line":23,"column":15},"end":{"line":28,"column":16}},"type":"cond-expr","locations":[{"start":{"line":24,"column":12},"end":{"line":27,"column":11}},{"start":{"line":28,"column":12},"end":{"line":28,"column":16}}],"line":23},"1":{"loc":{"start":{"line":43,"column":4},"end":{"line":43,"column":65}},"type":"if","locations":[{"start":{"line":43,"column":4},"end":{"line":43,"column":65}},{"start":{},"end":{}}],"line":43}},"s":{"0":25,"1":25,"2":25,"3":11,"4":11,"5":25,"6":3,"7":3,"8":5,"9":25,"10":2,"11":2,"12":3,"13":25,"14":1,"15":1,"16":25,"17":25,"18":1,"19":3,"20":24,"21":25,"22":29},"f":{"0":25,"1":11,"2":11,"3":3,"4":3,"5":5,"6":2,"7":2,"8":3,"9":1,"10":1,"11":25,"12":3,"13":29},"b":{"0":[3,2],"1":[1,24]},"_coverageSchema":"1a1c01bbd47fc00a2c39e90264f33305004495a9","hash":"0d045dc4cb3b99a3a0f64e4f8e298d9be104c0ad"}
,"/home/agata/projects/to-do-app/src/GlobalStyles.js": {"path":"/home/agata/projects/to-do-app/src/GlobalStyles.js","statementMap":{"0":{"start":{"line":4,"column":2},"end":{"line":4,"column":36}},"1":{"start":{"line":7,"column":15},"end":{"line":91,"column":1}}},"fnMap":{"0":{"name":"GlobalSyles","decl":{"start":{"line":3,"column":24},"end":{"line":3,"column":35}},"loc":{"start":{"line":3,"column":38},"end":{"line":5,"column":1}},"line":3}},"branchMap":{},"s":{"0":0,"1":0},"f":{"0":0},"b":{}}
,"/home/agata/projects/to-do-app/src/index.js": {"path":"/home/agata/projects/to-do-app/src/index.js","statementMap":{"0":{"start":{"line":6,"column":0},"end":{"line":12,"column":2}}},"fnMap":{},"branchMap":{},"s":{"0":0},"f":{},"b":{}}
,"/home/agata/projects/to-do-app/src/components/AddTask.jsx": {"path":"/home/agata/projects/to-do-app/src/components/AddTask.jsx","statementMap":{"0":{"start":{"line":7,"column":20},"end":{"line":24,"column":3}},"1":{"start":{"line":9,"column":4},"end":{"line":9,"column":27}},"2":{"start":{"line":11,"column":18},"end":{"line":11,"column":53}},"3":{"start":{"line":12,"column":4},"end":{"line":12,"column":29}},"4":{"start":{"line":14,"column":4},"end":{"line":14,"column":25}},"5":{"start":{"line":14,"column":18},"end":{"line":14,"column":25}},"6":{"start":{"line":16,"column":4},"end":{"line":20,"column":7}},"7":{"start":{"line":23,"column":4},"end":{"line":23,"column":45}},"8":{"start":{"line":26,"column":2},"end":{"line":38,"column":4}},"9":{"start":{"line":41,"column":0},"end":{"line":43,"column":2}}},"fnMap":{"0":{"name":"AddTask","decl":{"start":{"line":5,"column":24},"end":{"line":5,"column":31}},"loc":{"start":{"line":5,"column":45},"end":{"line":39,"column":1}},"line":5},"1":{"name":"(anonymous_1)","decl":{"start":{"line":7,"column":20},"end":{"line":7,"column":21}},"loc":{"start":{"line":7,"column":31},"end":{"line":24,"column":3}},"line":7}},"branchMap":{"0":{"loc":{"start":{"line":14,"column":4},"end":{"line":14,"column":25}},"type":"if","locations":[{"start":{"line":14,"column":4},"end":{"line":14,"column":25}},{"start":{},"end":{}}],"line":14}},"s":{"0":26,"1":14,"2":14,"3":14,"4":14,"5":2,"6":12,"7":12,"8":26,"9":2},"f":{"0":26,"1":14},"b":{"0":[2,12]},"_coverageSchema":"1a1c01bbd47fc00a2c39e90264f33305004495a9","hash":"57f00245c8575e1c3965348eafc8cdcef12f7915"}
,"/home/agata/projects/to-do-app/src/components/Header.jsx": {"path":"/home/agata/projects/to-do-app/src/components/Header.jsx","statementMap":{"0":{"start":{"line":7,"column":2},"end":{"line":15,"column":4}},"1":{"start":{"line":18,"column":0},"end":{"line":20,"column":2}},"2":{"start":{"line":22,"column":22},"end":{"line":25,"column":1}},"3":{"start":{"line":27,"column":21},"end":{"line":32,"column":1}},"4":{"start":{"line":34,"column":14},"end":{"line":37,"column":1}},"5":{"start":{"line":39,"column":14},"end":{"line":43,"column":1}}},"fnMap":{"0":{"name":"Header","decl":{"start":{"line":6,"column":24},"end":{"line":6,"column":30}},"loc":{"start":{"line":6,"column":60},"end":{"line":16,"column":1}},"line":6}},"branchMap":{},"s":{"0":25,"1":1,"2":1,"3":1,"4":1,"5":1},"f":{"0":25},"b":{},"_coverageSchema":"1a1c01bbd47fc00a2c39e90264f33305004495a9","hash":"ccd77688f6c02c1dbda560c2dab582f89eca54a7"}
,"/home/agata/projects/to-do-app/src/components/HideCompleted.jsx": {"path":"/home/agata/projects/to-do-app/src/components/HideCompleted.jsx","statementMap":{"0":{"start":{"line":6,"column":2},"end":{"line":16,"column":4}},"1":{"start":{"line":19,"column":0},"end":{"line":22,"column":2}},"2":{"start":{"line":24,"column":16},"end":{"line":30,"column":1}}},"fnMap":{"0":{"name":"HideCompleted","decl":{"start":{"line":5,"column":24},"end":{"line":5,"column":37}},"loc":{"start":{"line":5,"column":78},"end":{"line":17,"column":1}},"line":5}},"branchMap":{},"s":{"0":25,"1":1,"2":1},"f":{"0":25},"b":{},"_coverageSchema":"1a1c01bbd47fc00a2c39e90264f33305004495a9","hash":"eb7051a4083afe7a6253d7942993a1d53c53d3a3"}
,"/home/agata/projects/to-do-app/src/components/Task.jsx": {"path":"/home/agata/projects/to-do-app/src/components/Task.jsx","statementMap":{"0":{"start":{"line":6,"column":2},"end":{"line":20,"column":4}},"1":{"start":{"line":12,"column":24},"end":{"line":12,"column":47}},"2":{"start":{"line":15,"column":35},"end":{"line":15,"column":54}},"3":{"start":{"line":23,"column":0},"end":{"line":29,"column":2}},"4":{"start":{"line":31,"column":20},"end":{"line":38,"column":1}},"5":{"start":{"line":40,"column":21},"end":{"line":48,"column":1}},"6":{"start":{"line":50,"column":10},"end":{"line":50,"column":35}},"7":{"start":{"line":50,"column":16},"end":{"line":50,"column":35}}},"fnMap":{"0":{"name":"Task","decl":{"start":{"line":5,"column":24},"end":{"line":5,"column":28}},"loc":{"start":{"line":5,"column":67},"end":{"line":21,"column":1}},"line":5},"1":{"name":"(anonymous_1)","decl":{"start":{"line":12,"column":18},"end":{"line":12,"column":19}},"loc":{"start":{"line":12,"column":24},"end":{"line":12,"column":47}},"line":12},"2":{"name":"(anonymous_2)","decl":{"start":{"line":15,"column":29},"end":{"line":15,"column":30}},"loc":{"start":{"line":15,"column":35},"end":{"line":15,"column":54}},"line":15},"3":{"name":"(anonymous_3)","decl":{"start":{"line":50,"column":10},"end":{"line":50,"column":11}},"loc":{"start":{"line":50,"column":16},"end":{"line":50,"column":35}},"line":50}},"branchMap":{"0":{"loc":{"start":{"line":7,"column":28},"end":{"line":7,"column":47}},"type":"binary-expr","locations":[{"start":{"line":7,"column":28},"end":{"line":7,"column":37}},{"start":{"line":7,"column":41},"end":{"line":7,"column":47}}],"line":7}},"s":{"0":29,"1":3,"2":2,"3":1,"4":1,"5":1,"6":1,"7":29},"f":{"0":29,"1":3,"2":2,"3":29},"b":{"0":[29,2]},"_coverageSchema":"1a1c01bbd47fc00a2c39e90264f33305004495a9","hash":"3be7c74863f992ca8a45ff50b4ae187d1d26b542"}
,"/home/agata/projects/to-do-app/src/components/lib.js": {"path":"/home/agata/projects/to-do-app/src/components/lib.js","statementMap":{"0":{"start":{"line":3,"column":27},"end":{"line":8,"column":1}},"1":{"start":{"line":10,"column":22},"end":{"line":17,"column":1}},"2":{"start":{"line":19,"column":24},"end":{"line":21,"column":1}},"3":{"start":{"line":23,"column":21},"end":{"line":29,"column":1}},"4":{"start":{"line":31,"column":21},"end":{"line":33,"column":1}},"5":{"start":{"line":35,"column":24},"end":{"line":41,"column":1}},"6":{"start":{"line":43,"column":24},"end":{"line":63,"column":1}},"7":{"start":{"line":66,"column":30},"end":{"line":76,"column":1}}},"fnMap":{},"branchMap":{},"s":{"0":2,"1":2,"2":2,"3":2,"4":2,"5":2,"6":2,"7":2},"f":{},"b":{},"_coverageSchema":"1a1c01bbd47fc00a2c39e90264f33305004495a9","hash":"33e9fc582ee836b5f28104787d9923d1916fdc59"}
,"/home/agata/projects/to-do-app/src/hooks/useLocalState.js": {"path":"/home/agata/projects/to-do-app/src/hooks/useLocalState.js","statementMap":{"0":{"start":{"line":10,"column":28},"end":{"line":15,"column":4}},"1":{"start":{"line":11,"column":23},"end":{"line":11,"column":60}},"2":{"start":{"line":13,"column":4},"end":{"line":13,"column":59}},"3":{"start":{"line":13,"column":29},"end":{"line":13,"column":59}},"4":{"start":{"line":14,"column":4},"end":{"line":14,"column":21}},"5":{"start":{"line":17,"column":2},"end":{"line":19,"column":24}},"6":{"start":{"line":18,"column":4},"end":{"line":18,"column":65}},"7":{"start":{"line":21,"column":2},"end":{"line":21,"column":27}}},"fnMap":{"0":{"name":"useLocalState","decl":{"start":{"line":9,"column":24},"end":{"line":9,"column":37}},"loc":{"start":{"line":9,"column":59},"end":{"line":22,"column":1}},"line":9},"1":{"name":"(anonymous_1)","decl":{"start":{"line":10,"column":37},"end":{"line":10,"column":38}},"loc":{"start":{"line":10,"column":43},"end":{"line":15,"column":3}},"line":10},"2":{"name":"(anonymous_2)","decl":{"start":{"line":17,"column":12},"end":{"line":17,"column":13}},"loc":{"start":{"line":17,"column":18},"end":{"line":19,"column":3}},"line":17}},"branchMap":{"0":{"loc":{"start":{"line":13,"column":4},"end":{"line":13,"column":59}},"type":"if","locations":[{"start":{"line":13,"column":4},"end":{"line":13,"column":59}},{"start":{},"end":{}}],"line":13}},"s":{"0":50,"1":16,"2":16,"3":2,"4":14,"5":50,"6":33,"7":50},"f":{"0":50,"1":16,"2":33},"b":{"0":[2,14]},"_coverageSchema":"1a1c01bbd47fc00a2c39e90264f33305004495a9","hash":"2c0690da471ce688d50eb61a4eab91b3d34faa3d"}
}
