TN:
SF:src/App.js
FN:9,App
FN:16,(anonymous_1)
FN:17,(anonymous_2)
FN:20,(anonymous_3)
FN:21,(anonymous_4)
FN:22,(anonymous_5)
FN:33,(anonymous_6)
FN:34,(anonymous_7)
FN:34,(anonymous_8)
FN:37,(anonymous_9)
FN:38,(anonymous_10)
FN:42,(anonymous_11)
FN:43,(anonymous_12)
FN:57,(anonymous_13)
FNF:14
FNH:14
FNDA:25,App
FNDA:11,(anonymous_1)
FNDA:11,(anonymous_2)
FNDA:3,(anonymous_3)
FNDA:3,(anonymous_4)
FNDA:5,(anonymous_5)
FNDA:2,(anonymous_6)
FNDA:2,(anonymous_7)
FNDA:3,(anonymous_8)
FNDA:1,(anonymous_9)
FNDA:1,(anonymous_10)
FNDA:25,(anonymous_11)
FNDA:3,(anonymous_12)
FNDA:29,(anonymous_13)
DA:10,25
DA:11,25
DA:16,25
DA:17,11
DA:20,25
DA:21,3
DA:22,3
DA:23,5
DA:33,25
DA:34,3
DA:37,25
DA:38,1
DA:42,25
DA:43,25
DA:44,24
DA:47,25
DA:58,29
LF:17
LH:17
BRDA:23,0,0,3
BRDA:23,0,1,2
BRDA:43,1,0,1
BRDA:43,1,1,24
BRF:4
BRH:4
end_of_record
TN:
SF:src/GlobalStyles.js
FN:3,GlobalSyles
FNF:1
FNH:0
FNDA:0,GlobalSyles
DA:4,0
DA:7,0
LF:2
LH:0
BRF:0
BRH:0
end_of_record
TN:
SF:src/index.js
FNF:0
FNH:0
DA:6,0
LF:1
LH:0
BRF:0
BRH:0
end_of_record
TN:
SF:src/components/AddTask.jsx
FN:5,AddTask
FN:7,(anonymous_1)
FNF:2
FNH:2
FNDA:26,AddTask
FNDA:14,(anonymous_1)
DA:7,26
DA:9,14
DA:11,14
DA:12,14
DA:14,14
DA:16,12
DA:23,12
DA:26,26
DA:41,2
LF:9
LH:9
BRDA:14,0,0,2
BRDA:14,0,1,12
BRF:2
BRH:2
end_of_record
TN:
SF:src/components/Header.jsx
FN:6,Header
FNF:1
FNH:1
FNDA:25,Header
DA:7,25
DA:18,1
DA:22,1
DA:27,1
DA:34,1
DA:39,1
LF:6
LH:6
BRF:0
BRH:0
end_of_record
TN:
SF:src/components/HideCompleted.jsx
FN:5,HideCompleted
FNF:1
FNH:1
FNDA:25,HideCompleted
DA:6,25
DA:19,1
DA:24,1
LF:3
LH:3
BRF:0
BRH:0
end_of_record
TN:
SF:src/components/Task.jsx
FN:5,Task
FN:12,(anonymous_1)
FN:15,(anonymous_2)
FN:50,(anonymous_3)
FNF:4
FNH:4
FNDA:29,Task
FNDA:3,(anonymous_1)
FNDA:2,(anonymous_2)
FNDA:29,(anonymous_3)
DA:6,29
DA:12,3
DA:15,2
DA:23,1
DA:31,1
DA:40,1
DA:50,29
LF:7
LH:7
BRDA:7,0,0,29
BRDA:7,0,1,2
BRF:2
BRH:2
end_of_record
TN:
SF:src/components/lib.js
FNF:0
FNH:0
DA:3,2
DA:10,2
DA:19,2
DA:23,2
DA:31,2
DA:35,2
DA:43,2
DA:66,2
LF:8
LH:8
BRF:0
BRH:0
end_of_record
TN:
SF:src/hooks/useLocalState.js
FN:9,useLocalState
FN:10,(anonymous_1)
FN:17,(anonymous_2)
FNF:3
FNH:3
FNDA:50,useLocalState
FNDA:16,(anonymous_1)
FNDA:33,(anonymous_2)
DA:10,50
DA:11,16
DA:13,16
DA:14,14
DA:17,50
DA:18,33
DA:21,50
LF:7
LH:7
BRDA:13,0,0,2
BRDA:13,0,1,14
BRF:2
BRH:2
end_of_record
